<?xml version="1.0" encoding="utf-8"?><testsuites name="pytest tests"><testsuite name="pytest" errors="0" failures="0" skipped="0" tests="22" time="8.765" timestamp="2026-03-10T14:41:07.792595+00:00" hostname="agent-env-0e66209f-21ee-4c37-919e-d238cfd0a281"><testcase classname="backend.tests.test_admin_cms.TestRazorpayPublicEndpoint" name="test_razorpay_key_endpoint" time="0.216" /><testcase classname="backend.tests.test_admin_cms.TestAdminLogin" name="test_admin_login" time="0.427" /><testcase classname="backend.tests.test_admin_cms.TestAdminIntegrations" name="test_get_integrations" time="0.501" /><testcase classname="backend.tests.test_admin_cms.TestAdminIntegrations" name="test_integrations_requires_auth" time="0.114" /><testcase classname="backend.tests.test_admin_cms.TestAdminRazorpayConnection" name="test_razorpay_connection_test" time="1.323" /><testcase classname="backend.tests.test_admin_cms.TestAdminRazorpayConnection" name="test_razorpay_connection_test_requires_auth" time="0.137" /><testcase classname="backend.tests.test_admin_cms.TestAdminShiprocketConnection" name="test_shiprocket_connection_test" time="0.479" /><testcase classname="backend.tests.test_admin_cms.TestAdminShiprocketConnection" name="test_shiprocket_connection_test_requires_auth" time="0.107" /><testcase classname="backend.tests.test_admin_cms.TestAdminReviews" name="test_get_pending_reviews" time="0.458" /><testcase classname="backend.tests.test_admin_cms.TestAdminReviews" name="test_pending_reviews_requires_auth" time="0.110" /><testcase classname="backend.tests.test_admin_cms.TestAdminQuestions" name="test_get_pending_questions" time="0.543" /><testcase classname="backend.tests.test_admin_cms.TestAdminQuestions" name="test_pending_questions_requires_auth" time="0.139" /><testcase classname="backend.tests.test_admin_cms.TestAdminVendors" name="test_get_vendors" time="0.464" /><testcase classname="backend.tests.test_admin_cms.TestAdminVendors" name="test_vendors_requires_auth" time="0.142" /><testcase classname="backend.tests.test_admin_cms.TestAdminAffiliates" name="test_get_affiliates" time="0.439" /><testcase classname="backend.tests.test_admin_cms.TestAdminAffiliates" name="test_affiliates_requires_auth" time="0.122" /><testcase classname="backend.tests.test_admin_cms.TestAdminNewsletterAndAudit" name="test_get_newsletter_subscribers" time="0.445" /><testcase classname="backend.tests.test_admin_cms.TestAdminNewsletterAndAudit" name="test_get_audit_logs" time="0.099" /><testcase classname="backend.tests.test_admin_cms.TestAdminEmailSMSTemplates" name="test_get_email_templates" time="0.469" /><testcase classname="backend.tests.test_admin_cms.TestAdminEmailSMSTemplates" name="test_get_sms_templates" time="0.124" /><testcase classname="backend.tests.test_admin_cms.TestAdminTestimonials" name="test_create_testimonial" time="0.486" /><testcase classname="backend.tests.test_admin_cms.TestOrderCreationWithRazorpay" name="test_order_creation_requires_cart_items" time="1.355" /></testsuite></testsuites>