<?xml version="1.0" encoding="utf-8"?><testsuites name="pytest tests"><testsuite name="pytest" errors="0" failures="0" skipped="0" tests="30" time="8.179" timestamp="2026-03-08T17:10:12.235875+00:00" hostname="agent-env-0e66209f-21ee-4c37-919e-d238cfd0a281"><testcase classname="tests.test_api_refactored.TestHealthCheck" name="test_health_endpoint_returns_200" time="1.820" /><testcase classname="tests.test_api_refactored.TestPublicRoutes" name="test_get_health_concerns" time="0.141" /><testcase classname="tests.test_api_refactored.TestPublicRoutes" name="test_get_testimonials" time="0.148" /><testcase classname="tests.test_api_refactored.TestPublicRoutes" name="test_newsletter_subscribe" time="0.156" /><testcase classname="tests.test_api_refactored.TestPublicRoutes" name="test_newsletter_subscribe_duplicate" time="0.228" /><testcase classname="tests.test_api_refactored.TestCMSRoutes" name="test_get_website_settings" time="0.145" /><testcase classname="tests.test_api_refactored.TestCMSRoutes" name="test_get_cms_categories" time="0.105" /><testcase classname="tests.test_api_refactored.TestCMSRoutes" name="test_get_cms_banners" time="0.112" /><testcase classname="tests.test_api_refactored.TestCMSRoutes" name="test_get_cms_brands" time="0.113" /><testcase classname="tests.test_api_refactored.TestProductRoutes" name="test_get_products_list" time="0.105" /><testcase classname="tests.test_api_refactored.TestProductRoutes" name="test_get_products_with_pagination" time="0.114" /><testcase classname="tests.test_api_refactored.TestProductRoutes" name="test_get_products_with_search" time="0.110" /><testcase classname="tests.test_api_refactored.TestProductRoutes" name="test_get_product_detail_not_found" time="0.111" /><testcase classname="tests.test_api_refactored.TestProductRoutes" name="test_get_products_search_endpoint" time="0.109" /><testcase classname="tests.test_api_refactored.TestDoctorRoutes" name="test_get_doctors_list" time="0.112" /><testcase classname="tests.test_api_refactored.TestDoctorRoutes" name="test_get_doctors_with_filter" time="0.182" /><testcase classname="tests.test_api_refactored.TestDoctorRoutes" name="test_get_doctor_not_found" time="0.110" /><testcase classname="tests.test_api_refactored.TestAuthRoutes" name="test_register_new_user" time="0.328" /><testcase classname="tests.test_api_refactored.TestAuthRoutes" name="test_register_duplicate_email" time="0.440" /><testcase classname="tests.test_api_refactored.TestAuthRoutes" name="test_login_with_valid_credentials" time="0.681" /><testcase classname="tests.test_api_refactored.TestAuthRoutes" name="test_login_with_invalid_credentials" time="0.150" /><testcase classname="tests.test_api_refactored.TestAuthRoutes" name="test_get_me_without_token" time="0.106" /><testcase classname="tests.test_api_refactored.TestAuthRoutes" name="test_get_me_with_valid_token" time="0.452" /><testcase classname="tests.test_api_refactored.TestCartRoutes" name="test_get_cart_without_auth" time="0.101" /><testcase classname="tests.test_api_refactored.TestCartRoutes" name="test_get_cart_with_auth" time="0.455" /><testcase classname="tests.test_api_refactored.TestCartRoutes" name="test_add_to_cart_invalid_product" time="0.421" /><testcase classname="tests.test_api_refactored.TestCartRoutes" name="test_add_to_cart_without_auth" time="0.105" /><testcase classname="tests.test_api_refactored.TestWishlistRoutes" name="test_get_wishlist_without_auth" time="0.130" /><testcase classname="tests.test_api_refactored.TestWishlistRoutes" name="test_get_wishlist_with_auth" time="0.435" /><testcase classname="tests.test_api_refactored.TestExistingUserLogin" name="test_login_existing_user" time="0.325" /></testsuite></testsuites>