<?xml version="1.0" encoding="utf-8"?><testsuites name="pytest tests"><testsuite name="pytest" errors="0" failures="0" skipped="0" tests="17" time="9.808" timestamp="2026-03-10T14:55:55.227154+00:00" hostname="agent-env-0e66209f-21ee-4c37-919e-d238cfd0a281"><testcase classname="tests.test_cms_website_settings.TestAdminAuth" name="test_admin_login" time="0.371" /><testcase classname="tests.test_cms_website_settings.TestCMSSettings" name="test_get_cms_settings_public" time="0.467" /><testcase classname="tests.test_cms_website_settings.TestCMSSettings" name="test_put_cms_settings_requires_auth" time="0.457" /><testcase classname="tests.test_cms_website_settings.TestCMSSettings" name="test_put_cms_settings_admin_only" time="0.580" /><testcase classname="tests.test_cms_website_settings.TestCMSSettings" name="test_put_cms_settings_with_analytics" time="0.587" /><testcase classname="tests.test_cms_website_settings.TestCMSSettings" name="test_reset_cms_settings_to_default" time="0.446" /><testcase classname="tests.test_cms_website_settings.TestCMSMenus" name="test_get_menus_public" time="0.447" /><testcase classname="tests.test_cms_website_settings.TestCMSMenus" name="test_post_menus_requires_admin" time="0.458" /><testcase classname="tests.test_cms_website_settings.TestCMSMenus" name="test_post_menus_create_menu" time="0.651" /><testcase classname="tests.test_cms_website_settings.TestCMSMenus" name="test_delete_menus_admin_only" time="0.744" /><testcase classname="tests.test_cms_website_settings.TestVendorDashboard" name="test_vendor_dashboard_requires_auth" time="0.507" /><testcase classname="tests.test_cms_website_settings.TestVendorDashboard" name="test_vendor_dashboard_requires_vendor_role" time="0.456" /><testcase classname="tests.test_cms_website_settings.TestVendorDashboard" name="test_vendor_register_endpoint_exists" time="0.933" /><testcase classname="tests.test_cms_website_settings.TestAffiliateDashboard" name="test_affiliate_register_endpoint" time="0.576" /><testcase classname="tests.test_cms_website_settings.TestAffiliateDashboard" name="test_affiliate_dashboard_endpoint" time="0.680" /><testcase classname="tests.test_cms_website_settings.TestAffiliateDashboard" name="test_affiliate_referrals_endpoint" time="0.699" /><testcase classname="tests.test_cms_website_settings.TestAffiliateDashboard" name="test_affiliate_earnings_endpoint" time="0.680" /></testsuite></testsuites>